{"/home/runner/work/tc-auth0/tc-auth0/src/RootRouteComponent.tsx": {"path":"/home/runner/work/tc-auth0/tc-auth0/src/RootRouteComponent.tsx","all":true,"statementMap":{"0":{"start":{"line":1,"column":0},"end":{"line":1,"column":66}},"1":{"start":{"line":2,"column":0},"end":{"line":2,"column":48}},"2":{"start":{"line":3,"column":0},"end":{"line":3,"column":29}},"3":{"start":{"line":4,"column":0},"end":{"line":4,"column":53}},"4":{"start":{"line":5,"column":0},"end":{"line":5,"column":59}},"5":{"start":{"line":6,"column":0},"end":{"line":6,"column":41}},"6":{"start":{"line":7,"column":0},"end":{"line":7,"column":60}},"7":{"start":{"line":8,"column":0},"end":{"line":8,"column":41}},"9":{"start":{"line":10,"column":0},"end":{"line":10,"column":49}},"10":{"start":{"line":11,"column":0},"end":{"line":11,"column":54}},"11":{"start":{"line":12,"column":0},"end":{"line":12,"column":53}},"13":{"start":{"line":14,"column":0},"end":{"line":14,"column":51}},"14":{"start":{"line":15,"column":0},"end":{"line":15,"column":16}},"15":{"start":{"line":16,"column":0},"end":{"line":16,"column":16}},"16":{"start":{"line":17,"column":0},"end":{"line":17,"column":68}},"17":{"start":{"line":18,"column":0},"end":{"line":18,"column":50}},"18":{"start":{"line":19,"column":0},"end":{"line":19,"column":13}},"19":{"start":{"line":20,"column":0},"end":{"line":20,"column":8}},"21":{"start":{"line":22,"column":0},"end":{"line":22,"column":34}},"22":{"start":{"line":23,"column":0},"end":{"line":23,"column":18}},"23":{"start":{"line":24,"column":0},"end":{"line":24,"column":41}},"24":{"start":{"line":25,"column":0},"end":{"line":25,"column":24}},"25":{"start":{"line":26,"column":0},"end":{"line":26,"column":37}},"26":{"start":{"line":27,"column":0},"end":{"line":27,"column":10}},"28":{"start":{"line":29,"column":0},"end":{"line":29,"column":22}},"29":{"start":{"line":30,"column":0},"end":{"line":30,"column":27}},"30":{"start":{"line":31,"column":0},"end":{"line":31,"column":31}},"31":{"start":{"line":32,"column":0},"end":{"line":32,"column":34}},"32":{"start":{"line":33,"column":0},"end":{"line":33,"column":53}},"33":{"start":{"line":34,"column":0},"end":{"line":34,"column":25}},"34":{"start":{"line":35,"column":0},"end":{"line":35,"column":14}},"35":{"start":{"line":36,"column":0},"end":{"line":36,"column":69}},"36":{"start":{"line":37,"column":0},"end":{"line":37,"column":87}},"37":{"start":{"line":38,"column":0},"end":{"line":38,"column":14}},"39":{"start":{"line":40,"column":0},"end":{"line":40,"column":27}},"40":{"start":{"line":41,"column":0},"end":{"line":41,"column":24}},"41":{"start":{"line":42,"column":0},"end":{"line":42,"column":26}},"42":{"start":{"line":43,"column":0},"end":{"line":43,"column":42}},"43":{"start":{"line":44,"column":0},"end":{"line":44,"column":28}},"44":{"start":{"line":45,"column":0},"end":{"line":45,"column":24}},"45":{"start":{"line":46,"column":0},"end":{"line":46,"column":20}},"48":{"start":{"line":49,"column":0},"end":{"line":49,"column":34}}},"s":{"0":0,"1":0,"2":0,"3":0,"4":0,"5":0,"6":0,"7":0,"9":0,"10":0,"11":0,"13":0,"14":0,"15":0,"16":0,"17":0,"18":0,"19":0,"21":0,"22":0,"23":0,"24":0,"25":0,"26":0,"28":0,"29":0,"30":0,"31":0,"32":0,"33":0,"34":0,"35":0,"36":0,"37":0,"39":0,"40":0,"41":0,"42":0,"43":0,"44":0,"45":0,"48":0},"branchMap":{"0":{"type":"branch","line":1,"loc":{"start":{"line":1,"column":1604},"end":{"line":49,"column":34}},"locations":[{"start":{"line":1,"column":1604},"end":{"line":49,"column":34}}]}},"b":{"0":[0]},"fnMap":{"0":{"name":"(empty-report)","decl":{"start":{"line":1,"column":1604},"end":{"line":49,"column":34}},"loc":{"start":{"line":1,"column":1604},"end":{"line":49,"column":34}},"line":1}},"f":{"0":0}}
,"/home/runner/work/tc-auth0/tc-auth0/src/app.tsx": {"path":"/home/runner/work/tc-auth0/tc-auth0/src/app.tsx","all":true,"statementMap":{"0":{"start":{"line":1,"column":0},"end":{"line":1,"column":73}},"1":{"start":{"line":2,"column":0},"end":{"line":2,"column":68}},"2":{"start":{"line":3,"column":0},"end":{"line":3,"column":56}},"3":{"start":{"line":4,"column":0},"end":{"line":4,"column":33}},"4":{"start":{"line":5,"column":0},"end":{"line":5,"column":37}},"6":{"start":{"line":7,"column":0},"end":{"line":7,"column":19}},"7":{"start":{"line":8,"column":0},"end":{"line":8,"column":60}},"9":{"start":{"line":10,"column":0},"end":{"line":10,"column":12}},"10":{"start":{"line":11,"column":0},"end":{"line":11,"column":50}},"11":{"start":{"line":12,"column":0},"end":{"line":12,"column":49}},"12":{"start":{"line":13,"column":0},"end":{"line":13,"column":34}},"13":{"start":{"line":14,"column":0},"end":{"line":14,"column":30}},"15":{"start":{"line":16,"column":0},"end":{"line":16,"column":2}},"17":{"start":{"line":18,"column":0},"end":{"line":18,"column":19}}},"s":{"0":0,"1":0,"2":0,"3":0,"4":0,"6":0,"7":0,"9":0,"10":0,"11":0,"12":0,"13":0,"15":0,"17":0},"branchMap":{"0":{"type":"branch","line":1,"loc":{"start":{"line":1,"column":565},"end":{"line":18,"column":19}},"locations":[{"start":{"line":1,"column":565},"end":{"line":18,"column":19}}]}},"b":{"0":[0]},"fnMap":{"0":{"name":"(empty-report)","decl":{"start":{"line":1,"column":565},"end":{"line":18,"column":19}},"loc":{"start":{"line":1,"column":565},"end":{"line":18,"column":19}},"line":1}},"f":{"0":0}}
,"/home/runner/work/tc-auth0/tc-auth0/src/index.tsx": {"path":"/home/runner/work/tc-auth0/tc-auth0/src/index.tsx","all":true,"statementMap":{"0":{"start":{"line":1,"column":0},"end":{"line":1,"column":35}},"1":{"start":{"line":2,"column":0},"end":{"line":2,"column":46}},"2":{"start":{"line":3,"column":0},"end":{"line":3,"column":24}},"3":{"start":{"line":4,"column":0},"end":{"line":4,"column":21}},"5":{"start":{"line":6,"column":0},"end":{"line":6,"column":29}},"6":{"start":{"line":7,"column":0},"end":{"line":7,"column":27}},"7":{"start":{"line":8,"column":0},"end":{"line":8,"column":20}},"8":{"start":{"line":9,"column":0},"end":{"line":9,"column":19}},"9":{"start":{"line":10,"column":0},"end":{"line":10,"column":21}},"12":{"start":{"line":13,"column":0},"end":{"line":13,"column":71}},"13":{"start":{"line":14,"column":0},"end":{"line":14,"column":41}},"14":{"start":{"line":15,"column":0},"end":{"line":15,"column":31}},"15":{"start":{"line":16,"column":0},"end":{"line":16,"column":1}},"17":{"start":{"line":18,"column":0},"end":{"line":18,"column":13}}},"s":{"0":0,"1":0,"2":0,"3":0,"5":0,"6":0,"7":0,"8":0,"9":0,"12":0,"13":0,"14":0,"15":0,"17":0},"branchMap":{"0":{"type":"branch","line":1,"loc":{"start":{"line":1,"column":222},"end":{"line":18,"column":-302}},"locations":[{"start":{"line":1,"column":222},"end":{"line":18,"column":-302}}]}},"b":{"0":[0]},"fnMap":{"0":{"name":"(empty-report)","decl":{"start":{"line":1,"column":222},"end":{"line":18,"column":-302}},"loc":{"start":{"line":1,"column":222},"end":{"line":18,"column":-302}},"line":1}},"f":{"0":0}}
,"/home/runner/work/tc-auth0/tc-auth0/src/router.tsx": {"path":"/home/runner/work/tc-auth0/tc-auth0/src/router.tsx","all":true,"statementMap":{"0":{"start":{"line":1,"column":0},"end":{"line":1,"column":60}},"1":{"start":{"line":2,"column":0},"end":{"line":2,"column":44}},"3":{"start":{"line":4,"column":0},"end":{"line":4,"column":39}},"4":{"start":{"line":5,"column":0},"end":{"line":5,"column":14}},"5":{"start":{"line":6,"column":0},"end":{"line":6,"column":37}},"6":{"start":{"line":7,"column":0},"end":{"line":7,"column":16}},"7":{"start":{"line":8,"column":0},"end":{"line":8,"column":17}},"8":{"start":{"line":9,"column":0},"end":{"line":9,"column":38}},"9":{"start":{"line":10,"column":0},"end":{"line":10,"column":43}},"10":{"start":{"line":11,"column":0},"end":{"line":11,"column":18}},"12":{"start":{"line":13,"column":0},"end":{"line":13,"column":6}},"13":{"start":{"line":14,"column":0},"end":{"line":14,"column":3}}},"s":{"0":0,"1":0,"3":0,"4":0,"5":0,"6":0,"7":0,"8":0,"9":0,"10":0,"12":0,"13":0},"branchMap":{"0":{"type":"branch","line":1,"loc":{"start":{"line":1,"column":468},"end":{"line":20,"column":1}},"locations":[{"start":{"line":1,"column":468},"end":{"line":20,"column":1}}]}},"b":{"0":[0]},"fnMap":{"0":{"name":"(empty-report)","decl":{"start":{"line":1,"column":468},"end":{"line":20,"column":1}},"loc":{"start":{"line":1,"column":468},"end":{"line":20,"column":1}},"line":1}},"f":{"0":0}}
,"/home/runner/work/tc-auth0/tc-auth0/src/types.ts": {"path":"/home/runner/work/tc-auth0/tc-auth0/src/types.ts","all":true,"statementMap":{},"s":{},"branchMap":{"0":{"type":"branch","line":1,"loc":{"start":{"line":1,"column":144},"end":{"line":6,"column":2}},"locations":[{"start":{"line":1,"column":144},"end":{"line":6,"column":2}}]}},"b":{"0":[1]},"fnMap":{"0":{"name":"(empty-report)","decl":{"start":{"line":1,"column":144},"end":{"line":6,"column":2}},"loc":{"start":{"line":1,"column":144},"end":{"line":6,"column":2}},"line":1}},"f":{"0":1}}
,"/home/runner/work/tc-auth0/tc-auth0/src/vite-env.d.ts": {"path":"/home/runner/work/tc-auth0/tc-auth0/src/vite-env.d.ts","all":true,"statementMap":{},"s":{},"branchMap":{"0":{"type":"branch","line":1,"loc":{"start":{"line":1,"column":37},"end":{"line":1,"column":37}},"locations":[{"start":{"line":1,"column":37},"end":{"line":1,"column":37}}]}},"b":{"0":[1]},"fnMap":{"0":{"name":"(empty-report)","decl":{"start":{"line":1,"column":37},"end":{"line":1,"column":37}},"loc":{"start":{"line":1,"column":37},"end":{"line":1,"column":37}},"line":1}},"f":{"0":1}}
,"/home/runner/work/tc-auth0/tc-auth0/src/components/Box.tsx": {"path":"/home/runner/work/tc-auth0/tc-auth0/src/components/Box.tsx","all":false,"statementMap":{"2":{"start":{"line":3,"column":0},"end":{"line":3,"column":50}},"3":{"start":{"line":4,"column":0},"end":{"line":4,"column":12}},"4":{"start":{"line":5,"column":0},"end":{"line":5,"column":188}},"5":{"start":{"line":6,"column":0},"end":{"line":6,"column":22}},"6":{"start":{"line":7,"column":0},"end":{"line":7,"column":18}},"8":{"start":{"line":9,"column":0},"end":{"line":9,"column":2}},"9":{"start":{"line":10,"column":0},"end":{"line":10,"column":19}}},"s":{"2":1,"3":25,"4":25,"5":25,"6":25,"8":25,"9":1},"branchMap":{"0":{"type":"branch","line":3,"loc":{"start":{"line":3,"column":12},"end":{"line":9,"column":2}},"locations":[{"start":{"line":3,"column":12},"end":{"line":9,"column":2}}]}},"b":{"0":[25]},"fnMap":{"0":{"name":"Box","decl":{"start":{"line":3,"column":12},"end":{"line":9,"column":2}},"loc":{"start":{"line":3,"column":12},"end":{"line":9,"column":2}},"line":3}},"f":{"0":25}}
,"/home/runner/work/tc-auth0/tc-auth0/src/components/ErrorBanner.tsx": {"path":"/home/runner/work/tc-auth0/tc-auth0/src/components/ErrorBanner.tsx","all":false,"statementMap":{"5":{"start":{"line":6,"column":0},"end":{"line":6,"column":63}},"6":{"start":{"line":7,"column":0},"end":{"line":7,"column":12}},"7":{"start":{"line":8,"column":0},"end":{"line":8,"column":119}},"8":{"start":{"line":9,"column":0},"end":{"line":9,"column":48}},"9":{"start":{"line":10,"column":0},"end":{"line":10,"column":28}},"10":{"start":{"line":11,"column":0},"end":{"line":11,"column":14}},"12":{"start":{"line":13,"column":0},"end":{"line":13,"column":2}},"13":{"start":{"line":14,"column":0},"end":{"line":14,"column":27}}},"s":{"5":1,"6":10,"7":10,"8":10,"9":10,"10":10,"12":10,"13":1},"branchMap":{"0":{"type":"branch","line":6,"loc":{"start":{"line":6,"column":20},"end":{"line":13,"column":2}},"locations":[{"start":{"line":6,"column":20},"end":{"line":13,"column":2}}]}},"b":{"0":[10]},"fnMap":{"0":{"name":"ErrorBanner","decl":{"start":{"line":6,"column":20},"end":{"line":13,"column":2}},"loc":{"start":{"line":6,"column":20},"end":{"line":13,"column":2}},"line":6}},"f":{"0":10}}
,"/home/runner/work/tc-auth0/tc-auth0/src/components/ErrorFallback.tsx": {"path":"/home/runner/work/tc-auth0/tc-auth0/src/components/ErrorFallback.tsx","all":false,"statementMap":{"2":{"start":{"line":3,"column":0},"end":{"line":3,"column":73}},"3":{"start":{"line":4,"column":0},"end":{"line":4,"column":12}},"4":{"start":{"line":5,"column":0},"end":{"line":5,"column":74}},"5":{"start":{"line":6,"column":0},"end":{"line":6,"column":69}},"6":{"start":{"line":7,"column":0},"end":{"line":7,"column":78}},"7":{"start":{"line":8,"column":0},"end":{"line":8,"column":120}},"9":{"start":{"line":10,"column":0},"end":{"line":10,"column":21}},"10":{"start":{"line":11,"column":0},"end":{"line":11,"column":14}},"12":{"start":{"line":13,"column":0},"end":{"line":13,"column":2}},"14":{"start":{"line":15,"column":0},"end":{"line":15,"column":29}}},"s":{"2":1,"3":2,"4":2,"5":2,"6":2,"7":2,"9":2,"10":2,"12":2,"14":1},"branchMap":{"0":{"type":"branch","line":3,"loc":{"start":{"line":3,"column":22},"end":{"line":13,"column":2}},"locations":[{"start":{"line":3,"column":22},"end":{"line":13,"column":2}}]}},"b":{"0":[2]},"fnMap":{"0":{"name":"ErrorFallback","decl":{"start":{"line":3,"column":22},"end":{"line":13,"column":2}},"loc":{"start":{"line":3,"column":22},"end":{"line":13,"column":2}},"line":3}},"f":{"0":2}}
,"/home/runner/work/tc-auth0/tc-auth0/src/components/Loading.tsx": {"path":"/home/runner/work/tc-auth0/tc-auth0/src/components/Loading.tsx","all":false,"statementMap":{"3":{"start":{"line":4,"column":0},"end":{"line":4,"column":48}},"4":{"start":{"line":5,"column":0},"end":{"line":5,"column":12}},"5":{"start":{"line":6,"column":0},"end":{"line":6,"column":10}},"6":{"start":{"line":7,"column":0},"end":{"line":7,"column":86}},"7":{"start":{"line":8,"column":0},"end":{"line":8,"column":21}},"8":{"start":{"line":9,"column":0},"end":{"line":9,"column":24}},"9":{"start":{"line":10,"column":0},"end":{"line":10,"column":34}},"10":{"start":{"line":11,"column":0},"end":{"line":11,"column":42}},"11":{"start":{"line":12,"column":0},"end":{"line":12,"column":123}},"12":{"start":{"line":13,"column":0},"end":{"line":13,"column":45}},"13":{"start":{"line":14,"column":0},"end":{"line":14,"column":35}},"14":{"start":{"line":15,"column":0},"end":{"line":15,"column":58}},"16":{"start":{"line":17,"column":0},"end":{"line":17,"column":29}},"17":{"start":{"line":18,"column":0},"end":{"line":18,"column":396}},"18":{"start":{"line":19,"column":0},"end":{"line":19,"column":47}},"19":{"start":{"line":20,"column":0},"end":{"line":20,"column":26}},"20":{"start":{"line":21,"column":0},"end":{"line":21,"column":29}},"21":{"start":{"line":22,"column":0},"end":{"line":22,"column":621}},"22":{"start":{"line":23,"column":0},"end":{"line":23,"column":46}},"23":{"start":{"line":24,"column":0},"end":{"line":24,"column":26}},"24":{"start":{"line":25,"column":0},"end":{"line":25,"column":26}},"25":{"start":{"line":26,"column":0},"end":{"line":26,"column":22}},"26":{"start":{"line":27,"column":0},"end":{"line":27,"column":18}},"27":{"start":{"line":28,"column":0},"end":{"line":28,"column":25}},"28":{"start":{"line":29,"column":0},"end":{"line":29,"column":112}},"29":{"start":{"line":30,"column":0},"end":{"line":30,"column":29}},"30":{"start":{"line":31,"column":0},"end":{"line":31,"column":22}},"32":{"start":{"line":33,"column":0},"end":{"line":33,"column":11}},"34":{"start":{"line":35,"column":0},"end":{"line":35,"column":2}},"35":{"start":{"line":36,"column":0},"end":{"line":36,"column":23}}},"s":{"3":1,"4":2,"5":2,"6":2,"7":2,"8":2,"9":2,"10":2,"11":2,"12":2,"13":2,"14":2,"16":2,"17":2,"18":2,"19":2,"20":2,"21":2,"22":2,"23":2,"24":2,"25":2,"26":2,"27":2,"28":1,"29":1,"30":1,"32":2,"34":2,"35":1},"branchMap":{"0":{"type":"branch","line":4,"loc":{"start":{"line":4,"column":16},"end":{"line":35,"column":2}},"locations":[{"start":{"line":4,"column":16},"end":{"line":35,"column":2}}]},"1":{"type":"branch","line":28,"loc":{"start":{"line":28,"column":13},"end":{"line":31,"column":22}},"locations":[{"start":{"line":28,"column":13},"end":{"line":31,"column":22}}]}},"b":{"0":[2],"1":[1]},"fnMap":{"0":{"name":"Loading","decl":{"start":{"line":4,"column":16},"end":{"line":35,"column":2}},"loc":{"start":{"line":4,"column":16},"end":{"line":35,"column":2}},"line":4}},"f":{"0":2}}
,"/home/runner/work/tc-auth0/tc-auth0/src/components/LogInOutButton.tsx": {"path":"/home/runner/work/tc-auth0/tc-auth0/src/components/LogInOutButton.tsx","all":false,"statementMap":{"0":{"start":{"line":1,"column":0},"end":{"line":1,"column":46}},"3":{"start":{"line":4,"column":0},"end":{"line":4,"column":37}},"4":{"start":{"line":5,"column":0},"end":{"line":5,"column":81}},"6":{"start":{"line":7,"column":0},"end":{"line":7,"column":31}},"7":{"start":{"line":8,"column":0},"end":{"line":8,"column":23}},"8":{"start":{"line":9,"column":0},"end":{"line":9,"column":76}},"9":{"start":{"line":10,"column":0},"end":{"line":10,"column":33}},"10":{"start":{"line":11,"column":0},"end":{"line":11,"column":29}},"11":{"start":{"line":12,"column":0},"end":{"line":12,"column":57}},"12":{"start":{"line":13,"column":0},"end":{"line":13,"column":20}},"13":{"start":{"line":14,"column":0},"end":{"line":14,"column":46}},"14":{"start":{"line":15,"column":0},"end":{"line":15,"column":41}},"15":{"start":{"line":16,"column":0},"end":{"line":16,"column":6}},"16":{"start":{"line":17,"column":0},"end":{"line":17,"column":12}},"17":{"start":{"line":18,"column":0},"end":{"line":18,"column":15}},"18":{"start":{"line":19,"column":0},"end":{"line":19,"column":25}},"19":{"start":{"line":20,"column":0},"end":{"line":20,"column":33}},"20":{"start":{"line":21,"column":0},"end":{"line":21,"column":32}},"21":{"start":{"line":22,"column":0},"end":{"line":22,"column":142}},"23":{"start":{"line":24,"column":0},"end":{"line":24,"column":50}},"24":{"start":{"line":25,"column":0},"end":{"line":25,"column":17}},"26":{"start":{"line":27,"column":0},"end":{"line":27,"column":2}}},"s":{"0":1,"3":1,"4":4,"6":4,"7":0,"8":0,"9":0,"10":0,"11":0,"12":0,"13":0,"14":0,"15":0,"16":4,"17":4,"18":4,"19":4,"20":4,"21":4,"23":4,"24":4,"26":4},"branchMap":{"0":{"type":"branch","line":4,"loc":{"start":{"line":4,"column":30},"end":{"line":27,"column":2}},"locations":[{"start":{"line":4,"column":30},"end":{"line":27,"column":2}}]},"1":{"type":"branch","line":24,"loc":{"start":{"line":24,"column":13},"end":{"line":24,"column":42}},"locations":[{"start":{"line":24,"column":13},"end":{"line":24,"column":42}}]},"2":{"type":"branch","line":24,"loc":{"start":{"line":24,"column":31},"end":{"line":24,"column":50}},"locations":[{"start":{"line":24,"column":31},"end":{"line":24,"column":50}}]}},"b":{"0":[4],"1":[1],"2":[3]},"fnMap":{"0":{"name":"LogInOutButton","decl":{"start":{"line":4,"column":30},"end":{"line":27,"column":2}},"loc":{"start":{"line":4,"column":30},"end":{"line":27,"column":2}},"line":4},"1":{"name":"handleClick","decl":{"start":{"line":7,"column":24},"end":{"line":16,"column":6}},"loc":{"start":{"line":7,"column":24},"end":{"line":16,"column":6}},"line":7}},"f":{"0":4,"1":0}}
,"/home/runner/work/tc-auth0/tc-auth0/src/components/Menu.tsx": {"path":"/home/runner/work/tc-auth0/tc-auth0/src/components/Menu.tsx","all":false,"statementMap":{"0":{"start":{"line":1,"column":0},"end":{"line":1,"column":82}},"1":{"start":{"line":2,"column":0},"end":{"line":2,"column":67}},"2":{"start":{"line":3,"column":0},"end":{"line":3,"column":46}},"3":{"start":{"line":4,"column":0},"end":{"line":4,"column":36}},"4":{"start":{"line":5,"column":0},"end":{"line":5,"column":54}},"6":{"start":{"line":7,"column":0},"end":{"line":7,"column":27}},"7":{"start":{"line":8,"column":0},"end":{"line":8,"column":39}},"8":{"start":{"line":9,"column":0},"end":{"line":9,"column":45}},"9":{"start":{"line":10,"column":0},"end":{"line":10,"column":100}},"10":{"start":{"line":11,"column":0},"end":{"line":11,"column":2}},"12":{"start":{"line":13,"column":0},"end":{"line":13,"column":25}},"13":{"start":{"line":14,"column":0},"end":{"line":14,"column":21}},"14":{"start":{"line":15,"column":0},"end":{"line":15,"column":65}},"15":{"start":{"line":16,"column":0},"end":{"line":16,"column":50}},"16":{"start":{"line":17,"column":0},"end":{"line":17,"column":6}},"17":{"start":{"line":18,"column":0},"end":{"line":18,"column":98}},"18":{"start":{"line":19,"column":0},"end":{"line":19,"column":2}},"20":{"start":{"line":21,"column":0},"end":{"line":21,"column":31}},"21":{"start":{"line":22,"column":0},"end":{"line":22,"column":21}},"22":{"start":{"line":23,"column":0},"end":{"line":23,"column":65}},"23":{"start":{"line":24,"column":0},"end":{"line":24,"column":58}},"24":{"start":{"line":25,"column":0},"end":{"line":25,"column":6}},"25":{"start":{"line":26,"column":0},"end":{"line":26,"column":106}},"26":{"start":{"line":27,"column":0},"end":{"line":27,"column":2}},"28":{"start":{"line":29,"column":0},"end":{"line":29,"column":20}},"29":{"start":{"line":30,"column":0},"end":{"line":30,"column":12}},"30":{"start":{"line":31,"column":0},"end":{"line":31,"column":54}},"31":{"start":{"line":32,"column":0},"end":{"line":32,"column":68}},"32":{"start":{"line":33,"column":0},"end":{"line":33,"column":81}},"33":{"start":{"line":34,"column":0},"end":{"line":34,"column":91}},"35":{"start":{"line":36,"column":0},"end":{"line":36,"column":189}},"36":{"start":{"line":37,"column":0},"end":{"line":37,"column":68}},"37":{"start":{"line":38,"column":0},"end":{"line":38,"column":75}},"38":{"start":{"line":39,"column":0},"end":{"line":39,"column":108}},"39":{"start":{"line":40,"column":0},"end":{"line":40,"column":108}},"40":{"start":{"line":41,"column":0},"end":{"line":41,"column":43}},"41":{"start":{"line":42,"column":0},"end":{"line":42,"column":26}},"42":{"start":{"line":43,"column":0},"end":{"line":43,"column":111}},"43":{"start":{"line":44,"column":0},"end":{"line":44,"column":68}},"44":{"start":{"line":45,"column":0},"end":{"line":45,"column":32}},"45":{"start":{"line":46,"column":0},"end":{"line":46,"column":55}},"46":{"start":{"line":47,"column":0},"end":{"line":47,"column":232}},"47":{"start":{"line":48,"column":0},"end":{"line":48,"column":54}},"48":{"start":{"line":49,"column":0},"end":{"line":49,"column":30}},"49":{"start":{"line":50,"column":0},"end":{"line":50,"column":30}},"50":{"start":{"line":51,"column":0},"end":{"line":51,"column":65}},"51":{"start":{"line":52,"column":0},"end":{"line":52,"column":60}},"52":{"start":{"line":53,"column":0},"end":{"line":53,"column":59}},"53":{"start":{"line":54,"column":0},"end":{"line":54,"column":41}},"54":{"start":{"line":55,"column":0},"end":{"line":55,"column":55}},"55":{"start":{"line":56,"column":0},"end":{"line":56,"column":52}},"56":{"start":{"line":57,"column":0},"end":{"line":57,"column":60}},"57":{"start":{"line":58,"column":0},"end":{"line":58,"column":72}},"58":{"start":{"line":59,"column":0},"end":{"line":59,"column":54}},"59":{"start":{"line":60,"column":0},"end":{"line":60,"column":78}},"60":{"start":{"line":61,"column":0},"end":{"line":61,"column":42}},"62":{"start":{"line":63,"column":0},"end":{"line":63,"column":51}},"63":{"start":{"line":64,"column":0},"end":{"line":64,"column":43}},"64":{"start":{"line":65,"column":0},"end":{"line":65,"column":35}},"65":{"start":{"line":66,"column":0},"end":{"line":66,"column":34}},"66":{"start":{"line":67,"column":0},"end":{"line":67,"column":30}},"67":{"start":{"line":68,"column":0},"end":{"line":68,"column":26}},"68":{"start":{"line":69,"column":0},"end":{"line":69,"column":127}},"69":{"start":{"line":70,"column":0},"end":{"line":70,"column":42}},"70":{"start":{"line":71,"column":0},"end":{"line":71,"column":26}},"71":{"start":{"line":72,"column":0},"end":{"line":72,"column":22}},"72":{"start":{"line":73,"column":0},"end":{"line":73,"column":18}},"74":{"start":{"line":75,"column":0},"end":{"line":75,"column":51}},"75":{"start":{"line":76,"column":0},"end":{"line":76,"column":58}},"76":{"start":{"line":77,"column":0},"end":{"line":77,"column":47}},"77":{"start":{"line":78,"column":0},"end":{"line":78,"column":29}},"78":{"start":{"line":79,"column":0},"end":{"line":79,"column":43}},"79":{"start":{"line":80,"column":0},"end":{"line":80,"column":40}},"80":{"start":{"line":81,"column":0},"end":{"line":81,"column":48}},"81":{"start":{"line":82,"column":0},"end":{"line":82,"column":66}},"82":{"start":{"line":83,"column":0},"end":{"line":83,"column":42}},"83":{"start":{"line":84,"column":0},"end":{"line":84,"column":72}},"84":{"start":{"line":85,"column":0},"end":{"line":85,"column":30}},"86":{"start":{"line":87,"column":0},"end":{"line":87,"column":76}},"87":{"start":{"line":88,"column":0},"end":{"line":88,"column":31}},"88":{"start":{"line":89,"column":0},"end":{"line":89,"column":23}},"89":{"start":{"line":90,"column":0},"end":{"line":90,"column":22}},"90":{"start":{"line":91,"column":0},"end":{"line":91,"column":30}},"91":{"start":{"line":92,"column":0},"end":{"line":92,"column":21}},"93":{"start":{"line":94,"column":0},"end":{"line":94,"column":2}},"95":{"start":{"line":96,"column":0},"end":{"line":96,"column":20}}},"s":{"0":1,"1":1,"2":1,"3":1,"4":1,"6":1,"7":1,"8":1,"9":1,"10":1,"12":1,"13":1,"14":1,"15":1,"16":1,"17":1,"18":1,"20":1,"21":1,"22":1,"23":1,"24":1,"25":1,"26":1,"28":1,"29":2,"30":2,"31":2,"32":2,"33":2,"35":2,"36":2,"37":2,"38":2,"39":2,"40":2,"41":2,"42":2,"43":2,"44":2,"45":2,"46":2,"47":2,"48":2,"49":2,"50":2,"51":2,"52":2,"53":6,"54":6,"55":6,"56":6,"57":6,"58":6,"59":6,"60":6,"62":6,"63":6,"64":2,"65":2,"66":2,"67":2,"68":2,"69":2,"70":2,"71":2,"72":2,"74":2,"75":2,"76":2,"77":6,"78":6,"79":6,"80":6,"81":6,"82":6,"83":6,"84":6,"86":6,"87":6,"88":2,"89":2,"90":2,"91":2,"93":2,"95":1},"branchMap":{"0":{"type":"branch","line":29,"loc":{"start":{"line":29,"column":13},"end":{"line":94,"column":2}},"locations":[{"start":{"line":29,"column":13},"end":{"line":94,"column":2}}]},"1":{"type":"branch","line":53,"loc":{"start":{"line":53,"column":48},"end":{"line":64,"column":43}},"locations":[{"start":{"line":53,"column":48},"end":{"line":64,"column":43}}]},"2":{"type":"branch","line":77,"loc":{"start":{"line":77,"column":36},"end":{"line":88,"column":31}},"locations":[{"start":{"line":77,"column":36},"end":{"line":88,"column":31}}]}},"b":{"0":[2],"1":[6],"2":[6]},"fnMap":{"0":{"name":"Menu","decl":{"start":{"line":29,"column":13},"end":{"line":94,"column":2}},"loc":{"start":{"line":29,"column":13},"end":{"line":94,"column":2}},"line":29}},"f":{"0":2}}
,"/home/runner/work/tc-auth0/tc-auth0/src/components/PageTitle.tsx": {"path":"/home/runner/work/tc-auth0/tc-auth0/src/components/PageTitle.tsx","all":false,"statementMap":{"7":{"start":{"line":8,"column":0},"end":{"line":8,"column":77}},"8":{"start":{"line":9,"column":0},"end":{"line":9,"column":12}},"9":{"start":{"line":10,"column":0},"end":{"line":10,"column":153}},"10":{"start":{"line":11,"column":0},"end":{"line":11,"column":41}},"11":{"start":{"line":12,"column":0},"end":{"line":12,"column":79}},"12":{"start":{"line":13,"column":0},"end":{"line":13,"column":107}},"13":{"start":{"line":14,"column":0},"end":{"line":14,"column":26}},"14":{"start":{"line":15,"column":0},"end":{"line":15,"column":18}},"15":{"start":{"line":16,"column":0},"end":{"line":16,"column":14}},"17":{"start":{"line":18,"column":0},"end":{"line":18,"column":2}},"18":{"start":{"line":19,"column":0},"end":{"line":19,"column":25}}},"s":{"7":1,"8":15,"9":15,"10":15,"11":15,"12":15,"13":15,"14":15,"15":15,"17":15,"18":1},"branchMap":{"0":{"type":"branch","line":8,"loc":{"start":{"line":8,"column":18},"end":{"line":18,"column":2}},"locations":[{"start":{"line":8,"column":18},"end":{"line":18,"column":2}}]}},"b":{"0":[15]},"fnMap":{"0":{"name":"PageTitle","decl":{"start":{"line":8,"column":18},"end":{"line":18,"column":2}},"loc":{"start":{"line":8,"column":18},"end":{"line":18,"column":2}},"line":8}},"f":{"0":15}}
,"/home/runner/work/tc-auth0/tc-auth0/src/components/SecretsList.tsx": {"path":"/home/runner/work/tc-auth0/tc-auth0/src/components/SecretsList.tsx","all":false,"statementMap":{"11":{"start":{"line":12,"column":0},"end":{"line":12,"column":55}},"12":{"start":{"line":13,"column":0},"end":{"line":13,"column":12}},"13":{"start":{"line":14,"column":0},"end":{"line":14,"column":59}},"14":{"start":{"line":15,"column":0},"end":{"line":15,"column":38}},"15":{"start":{"line":16,"column":0},"end":{"line":16,"column":36}},"16":{"start":{"line":17,"column":0},"end":{"line":17,"column":91}},"17":{"start":{"line":18,"column":0},"end":{"line":18,"column":21}},"18":{"start":{"line":19,"column":0},"end":{"line":19,"column":15}},"19":{"start":{"line":20,"column":0},"end":{"line":20,"column":13}},"21":{"start":{"line":22,"column":0},"end":{"line":22,"column":2}},"23":{"start":{"line":24,"column":0},"end":{"line":24,"column":27}}},"s":{"11":1,"12":3,"13":3,"14":3,"15":6,"16":6,"17":6,"18":3,"19":3,"21":3,"23":1},"branchMap":{"0":{"type":"branch","line":12,"loc":{"start":{"line":12,"column":20},"end":{"line":22,"column":2}},"locations":[{"start":{"line":12,"column":20},"end":{"line":22,"column":2}}]},"1":{"type":"branch","line":15,"loc":{"start":{"line":15,"column":25},"end":{"line":18,"column":21}},"locations":[{"start":{"line":15,"column":25},"end":{"line":18,"column":21}}]}},"b":{"0":[3],"1":[6]},"fnMap":{"0":{"name":"SecretsList","decl":{"start":{"line":12,"column":20},"end":{"line":22,"column":2}},"loc":{"start":{"line":12,"column":20},"end":{"line":22,"column":2}},"line":12}},"f":{"0":3}}
,"/home/runner/work/tc-auth0/tc-auth0/src/components/UserProfile.tsx": {"path":"/home/runner/work/tc-auth0/tc-auth0/src/components/UserProfile.tsx","all":false,"statementMap":{"0":{"start":{"line":1,"column":0},"end":{"line":1,"column":46}},"1":{"start":{"line":2,"column":0},"end":{"line":2,"column":28}},"3":{"start":{"line":4,"column":0},"end":{"line":4,"column":34}},"4":{"start":{"line":5,"column":0},"end":{"line":5,"column":60}},"6":{"start":{"line":7,"column":0},"end":{"line":7,"column":77}},"7":{"start":{"line":8,"column":0},"end":{"line":8,"column":47}},"9":{"start":{"line":10,"column":0},"end":{"line":10,"column":12}},"10":{"start":{"line":11,"column":0},"end":{"line":11,"column":13}},"11":{"start":{"line":12,"column":0},"end":{"line":12,"column":53}},"12":{"start":{"line":13,"column":0},"end":{"line":13,"column":34}},"13":{"start":{"line":14,"column":0},"end":{"line":14,"column":24}},"14":{"start":{"line":15,"column":0},"end":{"line":15,"column":39}},"15":{"start":{"line":16,"column":0},"end":{"line":16,"column":42}},"16":{"start":{"line":17,"column":0},"end":{"line":17,"column":87}},"17":{"start":{"line":18,"column":0},"end":{"line":18,"column":52}},"18":{"start":{"line":19,"column":0},"end":{"line":19,"column":22}},"20":{"start":{"line":21,"column":0},"end":{"line":21,"column":118}},"21":{"start":{"line":22,"column":0},"end":{"line":22,"column":18}},"22":{"start":{"line":23,"column":0},"end":{"line":23,"column":93}},"24":{"start":{"line":25,"column":0},"end":{"line":25,"column":109}},"25":{"start":{"line":26,"column":0},"end":{"line":26,"column":47}},"26":{"start":{"line":27,"column":0},"end":{"line":27,"column":18}},"27":{"start":{"line":28,"column":0},"end":{"line":28,"column":14}},"29":{"start":{"line":30,"column":0},"end":{"line":30,"column":2}}},"s":{"0":1,"1":1,"3":1,"4":5,"6":5,"7":5,"9":2,"10":2,"11":2,"12":2,"13":2,"14":2,"15":2,"16":2,"17":2,"18":2,"20":5,"21":5,"22":5,"24":5,"25":5,"26":5,"27":5,"29":5},"branchMap":{"0":{"type":"branch","line":4,"loc":{"start":{"line":4,"column":27},"end":{"line":30,"column":2}},"locations":[{"start":{"line":4,"column":27},"end":{"line":30,"column":2}}]},"1":{"type":"branch","line":7,"loc":{"start":{"line":7,"column":19},"end":{"line":7,"column":77}},"locations":[{"start":{"line":7,"column":19},"end":{"line":7,"column":77}}]},"2":{"type":"branch","line":7,"loc":{"start":{"line":7,"column":70},"end":{"line":8,"column":28}},"locations":[{"start":{"line":7,"column":70},"end":{"line":8,"column":28}}]},"3":{"type":"branch","line":8,"loc":{"start":{"line":8,"column":9},"end":{"line":8,"column":35}},"locations":[{"start":{"line":8,"column":9},"end":{"line":8,"column":35}}]},"4":{"type":"branch","line":8,"loc":{"start":{"line":8,"column":35},"end":{"line":19,"column":22}},"locations":[{"start":{"line":8,"column":35},"end":{"line":19,"column":22}}]},"5":{"type":"branch","line":21,"loc":{"start":{"line":21,"column":71},"end":{"line":21,"column":102}},"locations":[{"start":{"line":21,"column":71},"end":{"line":21,"column":102}}]},"6":{"type":"branch","line":21,"loc":{"start":{"line":21,"column":90},"end":{"line":21,"column":112}},"locations":[{"start":{"line":21,"column":90},"end":{"line":21,"column":112}}]}},"b":{"0":[5],"1":[1],"2":[4],"3":[2],"4":[2],"5":[0],"6":[0]},"fnMap":{"0":{"name":"UserProfile","decl":{"start":{"line":4,"column":27},"end":{"line":30,"column":2}},"loc":{"start":{"line":4,"column":27},"end":{"line":30,"column":2}},"line":4}},"f":{"0":5}}
,"/home/runner/work/tc-auth0/tc-auth0/src/graphql/ApolloWrapper.tsx": {"path":"/home/runner/work/tc-auth0/tc-auth0/src/graphql/ApolloWrapper.tsx","all":false,"statementMap":{"0":{"start":{"line":1,"column":0},"end":{"line":1,"column":99}},"1":{"start":{"line":2,"column":0},"end":{"line":2,"column":57}},"2":{"start":{"line":3,"column":0},"end":{"line":3,"column":46}},"5":{"start":{"line":6,"column":0},"end":{"line":6,"column":55}},"7":{"start":{"line":8,"column":0},"end":{"line":8,"column":67}},"8":{"start":{"line":9,"column":0},"end":{"line":9,"column":86}},"10":{"start":{"line":11,"column":0},"end":{"line":11,"column":37}},"11":{"start":{"line":12,"column":0},"end":{"line":12,"column":106}},"12":{"start":{"line":13,"column":0},"end":{"line":13,"column":7}},"14":{"start":{"line":15,"column":0},"end":{"line":15,"column":59}},"15":{"start":{"line":16,"column":0},"end":{"line":16,"column":96}},"17":{"start":{"line":18,"column":0},"end":{"line":18,"column":16}},"18":{"start":{"line":19,"column":0},"end":{"line":19,"column":22}},"19":{"start":{"line":20,"column":0},"end":{"line":20,"column":27}},"20":{"start":{"line":21,"column":0},"end":{"line":21,"column":62}},"21":{"start":{"line":22,"column":0},"end":{"line":22,"column":14}},"22":{"start":{"line":23,"column":0},"end":{"line":23,"column":10}},"23":{"start":{"line":24,"column":0},"end":{"line":24,"column":7}},"25":{"start":{"line":26,"column":0},"end":{"line":26,"column":37}},"26":{"start":{"line":27,"column":0},"end":{"line":27,"column":96}},"27":{"start":{"line":28,"column":0},"end":{"line":28,"column":35}},"28":{"start":{"line":29,"column":0},"end":{"line":29,"column":7}},"30":{"start":{"line":31,"column":0},"end":{"line":31,"column":71}},"31":{"start":{"line":32,"column":0},"end":{"line":32,"column":2}}},"s":{"0":1,"1":1,"2":1,"5":1,"7":1,"8":1,"10":1,"11":1,"12":1,"14":1,"15":0,"17":0,"18":0,"19":0,"20":0,"21":0,"22":0,"23":1,"25":1,"26":1,"27":1,"28":1,"30":1,"31":1},"branchMap":{"0":{"type":"branch","line":8,"loc":{"start":{"line":8,"column":29},"end":{"line":32,"column":2}},"locations":[{"start":{"line":8,"column":29},"end":{"line":32,"column":2}}]}},"b":{"0":[1]},"fnMap":{"0":{"name":"ApolloWrapper","decl":{"start":{"line":8,"column":29},"end":{"line":32,"column":2}},"loc":{"start":{"line":8,"column":29},"end":{"line":32,"column":2}},"line":8}},"f":{"0":1}}
,"/home/runner/work/tc-auth0/tc-auth0/src/graphql/apolloErrorLink.ts": {"path":"/home/runner/work/tc-auth0/tc-auth0/src/graphql/apolloErrorLink.ts","all":false,"statementMap":{"0":{"start":{"line":1,"column":0},"end":{"line":1,"column":52}},"4":{"start":{"line":5,"column":0},"end":{"line":5,"column":54}},"5":{"start":{"line":6,"column":0},"end":{"line":6,"column":50}},"6":{"start":{"line":7,"column":0},"end":{"line":7,"column":28}},"7":{"start":{"line":8,"column":0},"end":{"line":8,"column":46}},"8":{"start":{"line":9,"column":0},"end":{"line":9,"column":50}},"9":{"start":{"line":10,"column":0},"end":{"line":10,"column":72}},"10":{"start":{"line":11,"column":0},"end":{"line":11,"column":75}},"12":{"start":{"line":13,"column":0},"end":{"line":13,"column":39}},"20":{"start":{"line":21,"column":0},"end":{"line":21,"column":17}},"21":{"start":{"line":22,"column":0},"end":{"line":22,"column":13}},"22":{"start":{"line":23,"column":0},"end":{"line":23,"column":9}},"24":{"start":{"line":25,"column":0},"end":{"line":25,"column":27}},"25":{"start":{"line":26,"column":0},"end":{"line":26,"column":59}},"26":{"start":{"line":27,"column":0},"end":{"line":27,"column":9}},"27":{"start":{"line":28,"column":0},"end":{"line":28,"column":7}}},"s":{"0":1,"4":1,"5":4,"6":3,"7":2,"8":2,"9":2,"10":1,"12":1,"20":1,"21":2,"22":2,"24":3,"25":1,"26":1,"27":3},"branchMap":{"0":{"type":"branch","line":5,"loc":{"start":{"line":5,"column":31},"end":{"line":28,"column":7}},"locations":[{"start":{"line":5,"column":31},"end":{"line":28,"column":7}}]},"1":{"type":"branch","line":6,"loc":{"start":{"line":6,"column":12},"end":{"line":28,"column":7}},"locations":[{"start":{"line":6,"column":12},"end":{"line":28,"column":7}}]},"2":{"type":"branch","line":7,"loc":{"start":{"line":7,"column":27},"end":{"line":23,"column":9}},"locations":[{"start":{"line":7,"column":27},"end":{"line":23,"column":9}}]},"3":{"type":"branch","line":10,"loc":{"start":{"line":10,"column":71},"end":{"line":21,"column":17}},"locations":[{"start":{"line":10,"column":71},"end":{"line":21,"column":17}}]},"4":{"type":"branch","line":25,"loc":{"start":{"line":25,"column":26},"end":{"line":27,"column":9}},"locations":[{"start":{"line":25,"column":26},"end":{"line":27,"column":9}}]}},"b":{"0":[4],"1":[3],"2":[2],"3":[1],"4":[1]},"fnMap":{"0":{"name":"createErrorLink","decl":{"start":{"line":5,"column":31},"end":{"line":28,"column":7}},"loc":{"start":{"line":5,"column":31},"end":{"line":28,"column":7}},"line":5}},"f":{"0":4}}
,"/home/runner/work/tc-auth0/tc-auth0/src/graphql/queries/secrets.ts": {"path":"/home/runner/work/tc-auth0/tc-auth0/src/graphql/queries/secrets.ts","all":false,"statementMap":{"0":{"start":{"line":1,"column":0},"end":{"line":1,"column":37}},"2":{"start":{"line":3,"column":0},"end":{"line":3,"column":31}}},"s":{"0":1,"2":1},"branchMap":{},"b":{},"fnMap":{},"f":{}}
,"/home/runner/work/tc-auth0/tc-auth0/src/hooks/auth/useAuthClaims.ts": {"path":"/home/runner/work/tc-auth0/tc-auth0/src/hooks/auth/useAuthClaims.ts","all":false,"statementMap":{"0":{"start":{"line":1,"column":0},"end":{"line":1,"column":46}},"1":{"start":{"line":2,"column":0},"end":{"line":2,"column":39}},"2":{"start":{"line":3,"column":0},"end":{"line":3,"column":44}},"12":{"start":{"line":13,"column":0},"end":{"line":13,"column":36}},"13":{"start":{"line":14,"column":0},"end":{"line":14,"column":50}},"14":{"start":{"line":15,"column":0},"end":{"line":15,"column":67}},"15":{"start":{"line":16,"column":0},"end":{"line":16,"column":59}},"17":{"start":{"line":18,"column":0},"end":{"line":18,"column":21}},"18":{"start":{"line":19,"column":0},"end":{"line":19,"column":43}},"19":{"start":{"line":20,"column":0},"end":{"line":20,"column":17}},"20":{"start":{"line":21,"column":0},"end":{"line":21,"column":61}},"21":{"start":{"line":22,"column":0},"end":{"line":22,"column":62}},"22":{"start":{"line":23,"column":0},"end":{"line":23,"column":35}},"23":{"start":{"line":24,"column":0},"end":{"line":24,"column":27}},"24":{"start":{"line":25,"column":0},"end":{"line":25,"column":39}},"25":{"start":{"line":26,"column":0},"end":{"line":26,"column":13}},"26":{"start":{"line":27,"column":0},"end":{"line":27,"column":10}},"28":{"start":{"line":29,"column":0},"end":{"line":29,"column":24}},"29":{"start":{"line":30,"column":0},"end":{"line":30,"column":33}},"31":{"start":{"line":32,"column":0},"end":{"line":32,"column":29}},"32":{"start":{"line":33,"column":0},"end":{"line":33,"column":2}}},"s":{"0":1,"1":1,"2":1,"12":1,"13":4,"14":4,"15":4,"17":4,"18":2,"19":2,"20":2,"21":1,"22":1,"23":1,"24":1,"25":1,"26":2,"28":2,"29":4,"31":4,"32":4},"branchMap":{"0":{"type":"branch","line":13,"loc":{"start":{"line":13,"column":29},"end":{"line":33,"column":2}},"locations":[{"start":{"line":13,"column":29},"end":{"line":33,"column":2}}]},"1":{"type":"branch","line":18,"loc":{"start":{"line":18,"column":14},"end":{"line":30,"column":7}},"locations":[{"start":{"line":18,"column":14},"end":{"line":30,"column":7}}]},"2":{"type":"branch","line":19,"loc":{"start":{"line":19,"column":30},"end":{"line":27,"column":10}},"locations":[{"start":{"line":19,"column":30},"end":{"line":27,"column":10}}]},"3":{"type":"branch","line":21,"loc":{"start":{"line":21,"column":59},"end":{"line":26,"column":13}},"locations":[{"start":{"line":21,"column":59},"end":{"line":26,"column":13}}]}},"b":{"0":[4],"1":[2],"2":[2],"3":[1]},"fnMap":{"0":{"name":"useAuthClaims","decl":{"start":{"line":13,"column":29},"end":{"line":33,"column":2}},"loc":{"start":{"line":13,"column":29},"end":{"line":33,"column":2}},"line":13},"1":{"name":"extractClaims","decl":{"start":{"line":19,"column":30},"end":{"line":27,"column":10}},"loc":{"start":{"line":19,"column":30},"end":{"line":27,"column":10}},"line":19}},"f":{"0":4,"1":2}}
,"/home/runner/work/tc-auth0/tc-auth0/src/hooks/auth/useOrgGuard.tsx": {"path":"/home/runner/work/tc-auth0/tc-auth0/src/hooks/auth/useOrgGuard.tsx","all":false,"statementMap":{"0":{"start":{"line":1,"column":0},"end":{"line":1,"column":44}},"1":{"start":{"line":2,"column":0},"end":{"line":2,"column":51}},"3":{"start":{"line":4,"column":0},"end":{"line":4,"column":54}},"4":{"start":{"line":5,"column":0},"end":{"line":5,"column":39}},"5":{"start":{"line":6,"column":0},"end":{"line":6,"column":75}},"7":{"start":{"line":8,"column":0},"end":{"line":8,"column":21}},"8":{"start":{"line":9,"column":0},"end":{"line":9,"column":28}},"10":{"start":{"line":11,"column":0},"end":{"line":11,"column":45}},"11":{"start":{"line":12,"column":0},"end":{"line":12,"column":34}},"12":{"start":{"line":13,"column":0},"end":{"line":13,"column":16}},"13":{"start":{"line":14,"column":0},"end":{"line":14,"column":35}},"14":{"start":{"line":15,"column":0},"end":{"line":15,"column":9}},"15":{"start":{"line":16,"column":0},"end":{"line":16,"column":31}},"17":{"start":{"line":18,"column":0},"end":{"line":18,"column":12}},"18":{"start":{"line":19,"column":0},"end":{"line":19,"column":21}},"19":{"start":{"line":20,"column":0},"end":{"line":20,"column":35}},"20":{"start":{"line":21,"column":0},"end":{"line":21,"column":6}},"21":{"start":{"line":22,"column":0},"end":{"line":22,"column":2}}},"s":{"0":1,"1":1,"3":1,"4":18,"5":18,"7":18,"8":8,"10":8,"11":5,"12":6,"13":2,"14":2,"15":18,"17":18,"18":18,"19":18,"20":18,"21":18},"branchMap":{"0":{"type":"branch","line":4,"loc":{"start":{"line":4,"column":27},"end":{"line":22,"column":2}},"locations":[{"start":{"line":4,"column":27},"end":{"line":22,"column":2}}]},"1":{"type":"branch","line":8,"loc":{"start":{"line":8,"column":14},"end":{"line":16,"column":7}},"locations":[{"start":{"line":8,"column":14},"end":{"line":16,"column":7}}]},"2":{"type":"branch","line":9,"loc":{"start":{"line":9,"column":21},"end":{"line":9,"column":28}},"locations":[{"start":{"line":9,"column":21},"end":{"line":9,"column":28}}]},"3":{"type":"branch","line":9,"loc":{"start":{"line":9,"column":21},"end":{"line":11,"column":44}},"locations":[{"start":{"line":9,"column":21},"end":{"line":11,"column":44}}]},"4":{"type":"branch","line":11,"loc":{"start":{"line":11,"column":44},"end":{"line":15,"column":9}},"locations":[{"start":{"line":11,"column":44},"end":{"line":15,"column":9}}]},"5":{"type":"branch","line":11,"loc":{"start":{"line":11,"column":44},"end":{"line":13,"column":15}},"locations":[{"start":{"line":11,"column":44},"end":{"line":13,"column":15}}]},"6":{"type":"branch","line":13,"loc":{"start":{"line":13,"column":8},"end":{"line":15,"column":9}},"locations":[{"start":{"line":13,"column":8},"end":{"line":15,"column":9}}]}},"b":{"0":[18],"1":[8],"2":[1],"3":[7],"4":[6],"5":[5],"6":[2]},"fnMap":{"0":{"name":"useOrgGuard","decl":{"start":{"line":4,"column":27},"end":{"line":22,"column":2}},"loc":{"start":{"line":4,"column":27},"end":{"line":22,"column":2}},"line":4}},"f":{"0":18}}
,"/home/runner/work/tc-auth0/tc-auth0/src/hooks/auth/useProtectedRoute.ts": {"path":"/home/runner/work/tc-auth0/tc-auth0/src/hooks/auth/useProtectedRoute.ts","all":false,"statementMap":{"0":{"start":{"line":1,"column":0},"end":{"line":1,"column":46}},"1":{"start":{"line":2,"column":0},"end":{"line":2,"column":34}},"4":{"start":{"line":5,"column":0},"end":{"line":5,"column":40}},"5":{"start":{"line":6,"column":0},"end":{"line":6,"column":73}},"7":{"start":{"line":8,"column":0},"end":{"line":8,"column":21}},"8":{"start":{"line":9,"column":0},"end":{"line":9,"column":45}},"9":{"start":{"line":10,"column":0},"end":{"line":10,"column":31}},"10":{"start":{"line":11,"column":0},"end":{"line":11,"column":27}},"11":{"start":{"line":12,"column":0},"end":{"line":12,"column":55}},"12":{"start":{"line":13,"column":0},"end":{"line":13,"column":18}},"13":{"start":{"line":14,"column":0},"end":{"line":14,"column":44}},"14":{"start":{"line":15,"column":0},"end":{"line":15,"column":39}},"15":{"start":{"line":16,"column":0},"end":{"line":16,"column":9}},"16":{"start":{"line":17,"column":0},"end":{"line":17,"column":56}},"17":{"start":{"line":18,"column":0},"end":{"line":18,"column":2}}},"s":{"0":1,"1":1,"4":1,"5":16,"7":16,"8":8,"9":2,"10":2,"11":2,"12":2,"13":2,"14":2,"15":2,"16":16,"17":16},"branchMap":{"0":{"type":"branch","line":5,"loc":{"start":{"line":5,"column":33},"end":{"line":18,"column":2}},"locations":[{"start":{"line":5,"column":33},"end":{"line":18,"column":2}}]},"1":{"type":"branch","line":8,"loc":{"start":{"line":8,"column":14},"end":{"line":17,"column":7}},"locations":[{"start":{"line":8,"column":14},"end":{"line":17,"column":7}}]},"2":{"type":"branch","line":9,"loc":{"start":{"line":9,"column":13},"end":{"line":9,"column":44}},"locations":[{"start":{"line":9,"column":13},"end":{"line":9,"column":44}}]},"3":{"type":"branch","line":9,"loc":{"start":{"line":9,"column":44},"end":{"line":16,"column":9}},"locations":[{"start":{"line":9,"column":44},"end":{"line":16,"column":9}}]}},"b":{"0":[16],"1":[8],"2":[7],"3":[2]},"fnMap":{"0":{"name":"useProtectedRoute","decl":{"start":{"line":5,"column":33},"end":{"line":18,"column":2}},"loc":{"start":{"line":5,"column":33},"end":{"line":18,"column":2}},"line":5}},"f":{"0":16}}
,"/home/runner/work/tc-auth0/tc-auth0/src/pages/hello/index.tsx": {"path":"/home/runner/work/tc-auth0/tc-auth0/src/pages/hello/index.tsx","all":false,"statementMap":{"0":{"start":{"line":1,"column":0},"end":{"line":1,"column":55}},"2":{"start":{"line":3,"column":0},"end":{"line":3,"column":25}},"3":{"start":{"line":4,"column":0},"end":{"line":4,"column":12}},"4":{"start":{"line":5,"column":0},"end":{"line":5,"column":29}},"5":{"start":{"line":6,"column":0},"end":{"line":6,"column":108}},"6":{"start":{"line":7,"column":0},"end":{"line":7,"column":14}},"8":{"start":{"line":9,"column":0},"end":{"line":9,"column":2}},"10":{"start":{"line":11,"column":0},"end":{"line":11,"column":25}}},"s":{"0":1,"2":1,"3":1,"4":1,"5":1,"6":1,"8":1,"10":1},"branchMap":{"0":{"type":"branch","line":3,"loc":{"start":{"line":3,"column":18},"end":{"line":9,"column":2}},"locations":[{"start":{"line":3,"column":18},"end":{"line":9,"column":2}}]}},"b":{"0":[1]},"fnMap":{"0":{"name":"HelloPage","decl":{"start":{"line":3,"column":18},"end":{"line":9,"column":2}},"loc":{"start":{"line":3,"column":18},"end":{"line":9,"column":2}},"line":3}},"f":{"0":1}}
,"/home/runner/work/tc-auth0/tc-auth0/src/pages/home/index.tsx": {"path":"/home/runner/work/tc-auth0/tc-auth0/src/pages/home/index.tsx","all":false,"statementMap":{"0":{"start":{"line":1,"column":0},"end":{"line":1,"column":46}},"1":{"start":{"line":2,"column":0},"end":{"line":2,"column":55}},"2":{"start":{"line":3,"column":0},"end":{"line":3,"column":63}},"4":{"start":{"line":5,"column":0},"end":{"line":5,"column":24}},"5":{"start":{"line":6,"column":0},"end":{"line":6,"column":43}},"6":{"start":{"line":7,"column":0},"end":{"line":7,"column":12}},"7":{"start":{"line":8,"column":0},"end":{"line":8,"column":29}},"8":{"start":{"line":9,"column":0},"end":{"line":9,"column":118}},"9":{"start":{"line":10,"column":0},"end":{"line":10,"column":38}},"10":{"start":{"line":11,"column":0},"end":{"line":11,"column":116}},"12":{"start":{"line":13,"column":0},"end":{"line":13,"column":24}},"13":{"start":{"line":14,"column":0},"end":{"line":14,"column":27}},"14":{"start":{"line":15,"column":0},"end":{"line":15,"column":14}},"16":{"start":{"line":17,"column":0},"end":{"line":17,"column":2}},"18":{"start":{"line":19,"column":0},"end":{"line":19,"column":24}}},"s":{"0":1,"1":1,"2":1,"4":1,"5":2,"6":2,"7":2,"8":2,"9":2,"10":1,"12":2,"13":2,"14":2,"16":2,"18":1},"branchMap":{"0":{"type":"branch","line":5,"loc":{"start":{"line":5,"column":17},"end":{"line":17,"column":2}},"locations":[{"start":{"line":5,"column":17},"end":{"line":17,"column":2}}]},"1":{"type":"branch","line":10,"loc":{"start":{"line":10,"column":18},"end":{"line":11,"column":116}},"locations":[{"start":{"line":10,"column":18},"end":{"line":11,"column":116}}]}},"b":{"0":[2],"1":[1]},"fnMap":{"0":{"name":"HomePage","decl":{"start":{"line":5,"column":17},"end":{"line":17,"column":2}},"loc":{"start":{"line":5,"column":17},"end":{"line":17,"column":2}},"line":5}},"f":{"0":2}}
,"/home/runner/work/tc-auth0/tc-auth0/src/pages/secret/index.tsx": {"path":"/home/runner/work/tc-auth0/tc-auth0/src/pages/secret/index.tsx","all":false,"statementMap":{"0":{"start":{"line":1,"column":0},"end":{"line":1,"column":42}},"1":{"start":{"line":2,"column":0},"end":{"line":2,"column":46}},"2":{"start":{"line":3,"column":0},"end":{"line":3,"column":51}},"3":{"start":{"line":4,"column":0},"end":{"line":4,"column":43}},"4":{"start":{"line":5,"column":0},"end":{"line":5,"column":59}},"5":{"start":{"line":6,"column":0},"end":{"line":6,"column":55}},"6":{"start":{"line":7,"column":0},"end":{"line":7,"column":59}},"7":{"start":{"line":8,"column":0},"end":{"line":8,"column":63}},"8":{"start":{"line":9,"column":0},"end":{"line":9,"column":66}},"9":{"start":{"line":10,"column":0},"end":{"line":10,"column":63}},"10":{"start":{"line":11,"column":0},"end":{"line":11,"column":74}},"12":{"start":{"line":13,"column":0},"end":{"line":13,"column":49}},"14":{"start":{"line":15,"column":0},"end":{"line":15,"column":26}},"15":{"start":{"line":16,"column":0},"end":{"line":16,"column":66}},"16":{"start":{"line":17,"column":0},"end":{"line":17,"column":43}},"20":{"start":{"line":21,"column":0},"end":{"line":21,"column":24}},"22":{"start":{"line":23,"column":0},"end":{"line":23,"column":59}},"24":{"start":{"line":25,"column":0},"end":{"line":25,"column":98}},"26":{"start":{"line":27,"column":0},"end":{"line":27,"column":11}},"27":{"start":{"line":28,"column":0},"end":{"line":28,"column":13}},"28":{"start":{"line":29,"column":0},"end":{"line":29,"column":30}},"29":{"start":{"line":30,"column":0},"end":{"line":30,"column":26}},"30":{"start":{"line":31,"column":0},"end":{"line":31,"column":31}},"31":{"start":{"line":32,"column":0},"end":{"line":32,"column":45}},"32":{"start":{"line":33,"column":0},"end":{"line":33,"column":79}},"33":{"start":{"line":34,"column":0},"end":{"line":34,"column":7}},"35":{"start":{"line":36,"column":0},"end":{"line":36,"column":27}},"36":{"start":{"line":37,"column":0},"end":{"line":37,"column":20}},"37":{"start":{"line":38,"column":0},"end":{"line":38,"column":5}},"39":{"start":{"line":40,"column":0},"end":{"line":40,"column":12}},"40":{"start":{"line":41,"column":0},"end":{"line":41,"column":29}},"41":{"start":{"line":42,"column":0},"end":{"line":42,"column":22}},"42":{"start":{"line":43,"column":0},"end":{"line":43,"column":35}},"43":{"start":{"line":44,"column":0},"end":{"line":44,"column":102}},"45":{"start":{"line":46,"column":0},"end":{"line":46,"column":79}},"46":{"start":{"line":47,"column":0},"end":{"line":47,"column":99}},"47":{"start":{"line":48,"column":0},"end":{"line":48,"column":20}},"48":{"start":{"line":49,"column":0},"end":{"line":49,"column":24}},"50":{"start":{"line":51,"column":0},"end":{"line":51,"column":17}},"51":{"start":{"line":52,"column":0},"end":{"line":52,"column":65}},"52":{"start":{"line":53,"column":0},"end":{"line":53,"column":32}},"53":{"start":{"line":54,"column":0},"end":{"line":54,"column":46}},"54":{"start":{"line":55,"column":0},"end":{"line":55,"column":119}},"55":{"start":{"line":56,"column":0},"end":{"line":56,"column":22}},"58":{"start":{"line":59,"column":0},"end":{"line":59,"column":34}},"59":{"start":{"line":60,"column":0},"end":{"line":60,"column":22}},"60":{"start":{"line":61,"column":0},"end":{"line":61,"column":70}},"62":{"start":{"line":63,"column":0},"end":{"line":63,"column":29}},"63":{"start":{"line":64,"column":0},"end":{"line":64,"column":81}},"64":{"start":{"line":65,"column":0},"end":{"line":65,"column":93}},"65":{"start":{"line":66,"column":0},"end":{"line":66,"column":40}},"66":{"start":{"line":67,"column":0},"end":{"line":67,"column":50}},"67":{"start":{"line":68,"column":0},"end":{"line":68,"column":44}},"68":{"start":{"line":69,"column":0},"end":{"line":69,"column":104}},"69":{"start":{"line":70,"column":0},"end":{"line":70,"column":64}},"70":{"start":{"line":71,"column":0},"end":{"line":71,"column":34}},"71":{"start":{"line":72,"column":0},"end":{"line":72,"column":34}},"73":{"start":{"line":74,"column":0},"end":{"line":74,"column":23}},"75":{"start":{"line":76,"column":0},"end":{"line":76,"column":18}},"77":{"start":{"line":78,"column":0},"end":{"line":78,"column":17}},"78":{"start":{"line":79,"column":0},"end":{"line":79,"column":32}},"79":{"start":{"line":80,"column":0},"end":{"line":80,"column":32}},"80":{"start":{"line":81,"column":0},"end":{"line":81,"column":37}},"81":{"start":{"line":82,"column":0},"end":{"line":82,"column":110}},"82":{"start":{"line":83,"column":0},"end":{"line":83,"column":22}},"84":{"start":{"line":85,"column":0},"end":{"line":85,"column":22}},"85":{"start":{"line":86,"column":0},"end":{"line":86,"column":96}},"86":{"start":{"line":87,"column":0},"end":{"line":87,"column":63}},"88":{"start":{"line":89,"column":0},"end":{"line":89,"column":28}},"90":{"start":{"line":91,"column":0},"end":{"line":91,"column":115}},"91":{"start":{"line":92,"column":0},"end":{"line":92,"column":61}},"92":{"start":{"line":93,"column":0},"end":{"line":93,"column":30}},"93":{"start":{"line":94,"column":0},"end":{"line":94,"column":23}},"95":{"start":{"line":96,"column":0},"end":{"line":96,"column":18}},"96":{"start":{"line":97,"column":0},"end":{"line":97,"column":14}},"98":{"start":{"line":99,"column":0},"end":{"line":99,"column":2}},"100":{"start":{"line":101,"column":0},"end":{"line":101,"column":26}}},"s":{"0":1,"1":1,"2":1,"3":1,"4":1,"5":1,"6":1,"7":1,"8":1,"9":1,"10":1,"12":1,"14":1,"15":13,"16":13,"20":13,"22":13,"24":13,"26":13,"27":13,"28":13,"29":13,"30":13,"31":13,"32":13,"33":13,"35":13,"36":2,"37":2,"39":11,"40":11,"41":11,"42":11,"43":11,"45":11,"46":11,"47":11,"48":11,"50":11,"51":13,"52":5,"53":5,"54":5,"55":5,"58":13,"59":6,"60":6,"62":6,"63":6,"64":6,"65":6,"66":1,"67":1,"68":1,"69":1,"70":1,"71":1,"73":6,"75":13,"77":13,"78":13,"79":3,"80":3,"81":3,"82":3,"84":8,"85":8,"86":8,"88":8,"90":8,"91":8,"92":8,"93":8,"95":13,"96":13,"98":13,"100":1},"branchMap":{"0":{"type":"branch","line":15,"loc":{"start":{"line":15,"column":19},"end":{"line":99,"column":2}},"locations":[{"start":{"line":15,"column":19},"end":{"line":99,"column":2}}]},"1":{"type":"branch","line":36,"loc":{"start":{"line":36,"column":26},"end":{"line":38,"column":5}},"locations":[{"start":{"line":36,"column":26},"end":{"line":38,"column":5}}]},"2":{"type":"branch","line":38,"loc":{"start":{"line":38,"column":4},"end":{"line":52,"column":34}},"locations":[{"start":{"line":38,"column":4},"end":{"line":52,"column":34}}]},"3":{"type":"branch","line":52,"loc":{"start":{"line":52,"column":18},"end":{"line":52,"column":65}},"locations":[{"start":{"line":52,"column":18},"end":{"line":52,"column":65}}]},"4":{"type":"branch","line":52,"loc":{"start":{"line":52,"column":35},"end":{"line":56,"column":22}},"locations":[{"start":{"line":52,"column":35},"end":{"line":56,"column":22}}]},"5":{"type":"branch","line":59,"loc":{"start":{"line":59,"column":17},"end":{"line":74,"column":23}},"locations":[{"start":{"line":59,"column":17},"end":{"line":74,"column":23}}]},"6":{"type":"branch","line":64,"loc":{"start":{"line":64,"column":25},"end":{"line":64,"column":81}},"locations":[{"start":{"line":64,"column":25},"end":{"line":64,"column":81}}]},"7":{"type":"branch","line":65,"loc":{"start":{"line":65,"column":25},"end":{"line":65,"column":39}},"locations":[{"start":{"line":65,"column":25},"end":{"line":65,"column":39}}]},"8":{"type":"branch","line":65,"loc":{"start":{"line":65,"column":39},"end":{"line":65,"column":93}},"locations":[{"start":{"line":65,"column":39},"end":{"line":65,"column":93}}]},"9":{"type":"branch","line":66,"loc":{"start":{"line":66,"column":25},"end":{"line":72,"column":34}},"locations":[{"start":{"line":66,"column":25},"end":{"line":72,"column":34}}]},"10":{"type":"branch","line":79,"loc":{"start":{"line":79,"column":17},"end":{"line":83,"column":22}},"locations":[{"start":{"line":79,"column":17},"end":{"line":83,"column":22}}]},"11":{"type":"branch","line":83,"loc":{"start":{"line":83,"column":20},"end":{"line":94,"column":23}},"locations":[{"start":{"line":83,"column":20},"end":{"line":94,"column":23}}]}},"b":{"0":[13],"1":[2],"2":[11],"3":[5],"4":[5],"5":[6],"6":[3],"7":[2],"8":[2],"9":[1],"10":[3],"11":[8]},"fnMap":{"0":{"name":"SecretPage","decl":{"start":{"line":15,"column":19},"end":{"line":99,"column":2}},"loc":{"start":{"line":15,"column":19},"end":{"line":99,"column":2}},"line":15}},"f":{"0":13}}
,"/home/runner/work/tc-auth0/tc-auth0/src/routes/__root.tsx": {"path":"/home/runner/work/tc-auth0/tc-auth0/src/routes/__root.tsx","all":true,"statementMap":{"0":{"start":{"line":1,"column":0},"end":{"line":1,"column":57}},"1":{"start":{"line":2,"column":0},"end":{"line":2,"column":59}},"3":{"start":{"line":4,"column":0},"end":{"line":4,"column":38}},"4":{"start":{"line":5,"column":0},"end":{"line":5,"column":34}},"5":{"start":{"line":6,"column":0},"end":{"line":6,"column":3}}},"s":{"0":0,"1":0,"3":0,"4":0,"5":0},"branchMap":{"0":{"type":"branch","line":1,"loc":{"start":{"line":1,"column":196},"end":{"line":6,"column":3}},"locations":[{"start":{"line":1,"column":196},"end":{"line":6,"column":3}}]}},"b":{"0":[0]},"fnMap":{"0":{"name":"(empty-report)","decl":{"start":{"line":1,"column":196},"end":{"line":6,"column":3}},"loc":{"start":{"line":1,"column":196},"end":{"line":6,"column":3}},"line":1}},"f":{"0":0}}
,"/home/runner/work/tc-auth0/tc-auth0/src/routes/hello.tsx": {"path":"/home/runner/work/tc-auth0/tc-auth0/src/routes/hello.tsx","all":true,"statementMap":{"0":{"start":{"line":1,"column":0},"end":{"line":1,"column":57}},"1":{"start":{"line":2,"column":0},"end":{"line":2,"column":39}},"3":{"start":{"line":4,"column":0},"end":{"line":4,"column":48}},"4":{"start":{"line":5,"column":0},"end":{"line":5,"column":25}},"5":{"start":{"line":6,"column":0},"end":{"line":6,"column":3}}},"s":{"0":0,"1":0,"3":0,"4":0,"5":0},"branchMap":{"0":{"type":"branch","line":1,"loc":{"start":{"line":1,"column":177},"end":{"line":6,"column":3}},"locations":[{"start":{"line":1,"column":177},"end":{"line":6,"column":3}}]}},"b":{"0":[0]},"fnMap":{"0":{"name":"(empty-report)","decl":{"start":{"line":1,"column":177},"end":{"line":6,"column":3}},"loc":{"start":{"line":1,"column":177},"end":{"line":6,"column":3}},"line":1}},"f":{"0":0}}
,"/home/runner/work/tc-auth0/tc-auth0/src/routes/index.tsx": {"path":"/home/runner/work/tc-auth0/tc-auth0/src/routes/index.tsx","all":true,"statementMap":{"0":{"start":{"line":1,"column":0},"end":{"line":1,"column":57}},"1":{"start":{"line":2,"column":0},"end":{"line":2,"column":37}},"3":{"start":{"line":4,"column":0},"end":{"line":4,"column":43}},"4":{"start":{"line":5,"column":0},"end":{"line":5,"column":24}},"5":{"start":{"line":6,"column":0},"end":{"line":6,"column":3}}},"s":{"0":0,"1":0,"3":0,"4":0,"5":0},"branchMap":{"0":{"type":"branch","line":1,"loc":{"start":{"line":1,"column":169},"end":{"line":6,"column":3}},"locations":[{"start":{"line":1,"column":169},"end":{"line":6,"column":3}}]}},"b":{"0":[0]},"fnMap":{"0":{"name":"(empty-report)","decl":{"start":{"line":1,"column":169},"end":{"line":6,"column":3}},"loc":{"start":{"line":1,"column":169},"end":{"line":6,"column":3}},"line":1}},"f":{"0":0}}
,"/home/runner/work/tc-auth0/tc-auth0/src/routes/confidential/$secretId.tsx": {"path":"/home/runner/work/tc-auth0/tc-auth0/src/routes/confidential/$secretId.tsx","all":true,"statementMap":{"0":{"start":{"line":1,"column":0},"end":{"line":1,"column":57}},"1":{"start":{"line":2,"column":0},"end":{"line":2,"column":44}},"3":{"start":{"line":4,"column":0},"end":{"line":4,"column":65}},"4":{"start":{"line":5,"column":0},"end":{"line":5,"column":26}},"5":{"start":{"line":6,"column":0},"end":{"line":6,"column":3}}},"s":{"0":0,"1":0,"3":0,"4":0,"5":0},"branchMap":{"0":{"type":"branch","line":1,"loc":{"start":{"line":1,"column":200},"end":{"line":6,"column":3}},"locations":[{"start":{"line":1,"column":200},"end":{"line":6,"column":3}}]}},"b":{"0":[0]},"fnMap":{"0":{"name":"(empty-report)","decl":{"start":{"line":1,"column":200},"end":{"line":6,"column":3}},"loc":{"start":{"line":1,"column":200},"end":{"line":6,"column":3}},"line":1}},"f":{"0":0}}
}
